15:29:36.036 [restartedMain] INFO  org.shortner.Application - Starting Application using Java 1.8.0_312 on DEV-5CG0107T2K with PID 39924 (C:\Codesparks\test-projects\url-shortner\target\classes started by d0106929 in C:\Codesparks\test-projects\url-shortner)
15:29:36.037 [restartedMain] INFO  org.shortner.Application - The following 1 profile is active: "dev"
15:29:37.176 [restartedMain] INFO  o.s.b.w.e.tomcat.TomcatWebServer - Tomcat initialized with port(s): 8080 (http)
15:29:37.178 [restartedMain] INFO  o.a.catalina.core.StandardService - Starting service [Tomcat]
15:29:37.180 [restartedMain] INFO  o.a.catalina.core.StandardEngine - Starting Servlet engine: [Apache Tomcat/9.0.68]
15:29:37.445 [restartedMain] INFO  o.a.c.c.C.[Tomcat].[localhost].[/] - Initializing Spring embedded WebApplicationContext
15:29:37.446 [restartedMain] INFO  o.s.b.w.s.c.ServletWebServerApplicationContext - Root WebApplicationContext: initialization completed in 1402 ms
15:29:37.973 [restartedMain] INFO  o.s.b.d.a.OptionalLiveReloadServer - LiveReload server is running on port 35729
15:29:38.018 [restartedMain] INFO  o.s.b.w.e.tomcat.TomcatWebServer - Tomcat started on port(s): 8080 (http) with context path ''
15:29:38.036 [restartedMain] INFO  org.shortner.Application - Started Application in 2.572 seconds (JVM running for 650.209)
15:29:38.041 [restartedMain] INFO  o.s.b.d.a.ConditionEvaluationDeltaLoggingListener - Condition evaluation unchanged
15:29:39.446 [File Watcher] INFO  o.s.b.d.a.LocalDevToolsAutoConfiguration$RestartingClassPathChangeChangedEventListener - Restarting due to 3 class path changes (3 additions, 0 deletions, 0 modifications)
15:29:43.436 [Thread-8] INFO  o.a.catalina.core.StandardService - Stopping service [Tomcat]
15:29:43.939 [restartedMain] INFO  org.shortner.Application - Starting Application using Java 1.8.0_312 on DEV-5CG0107T2K with PID 39924 (C:\Codesparks\test-projects\url-shortner\target\classes started by d0106929 in C:\Codesparks\test-projects\url-shortner)
15:29:43.940 [restartedMain] INFO  org.shortner.Application - The following 1 profile is active: "dev"
15:29:45.236 [restartedMain] INFO  o.s.b.w.e.tomcat.TomcatWebServer - Tomcat initialized with port(s): 8080 (http)
15:29:45.237 [restartedMain] INFO  o.a.catalina.core.StandardService - Starting service [Tomcat]
15:29:45.238 [restartedMain] INFO  o.a.catalina.core.StandardEngine - Starting Servlet engine: [Apache Tomcat/9.0.68]
15:29:45.427 [restartedMain] INFO  o.a.c.c.C.[Tomcat].[localhost].[/] - Initializing Spring embedded WebApplicationContext
15:29:45.428 [restartedMain] INFO  o.s.b.w.s.c.ServletWebServerApplicationContext - Root WebApplicationContext: initialization completed in 1479 ms
15:29:45.906 [restartedMain] INFO  o.s.b.d.a.OptionalLiveReloadServer - LiveReload server is running on port 35729
15:29:45.981 [restartedMain] INFO  o.s.b.w.e.tomcat.TomcatWebServer - Tomcat started on port(s): 8080 (http) with context path ''
15:29:45.993 [restartedMain] INFO  org.shortner.Application - Started Application in 2.315 seconds (JVM running for 658.166)
15:29:45.997 [restartedMain] INFO  o.s.b.d.a.ConditionEvaluationDeltaLoggingListener - Condition evaluation unchanged
15:29:59.640 [File Watcher] INFO  o.s.b.d.a.LocalDevToolsAutoConfiguration$RestartingClassPathChangeChangedEventListener - Restarting due to 8 class path changes (8 additions, 0 deletions, 0 modifications)
15:30:03.548 [Thread-12] INFO  o.a.catalina.core.StandardService - Stopping service [Tomcat]
15:30:04.036 [restartedMain] INFO  org.shortner.Application - Starting Application using Java 1.8.0_312 on DEV-5CG0107T2K with PID 39924 (C:\Codesparks\test-projects\url-shortner\target\classes started by d0106929 in C:\Codesparks\test-projects\url-shortner)
15:30:04.037 [restartedMain] INFO  org.shortner.Application - The following 1 profile is active: "dev"
15:30:05.167 [restartedMain] INFO  o.s.b.w.e.tomcat.TomcatWebServer - Tomcat initialized with port(s): 8080 (http)
15:30:05.171 [restartedMain] INFO  o.a.catalina.core.StandardService - Starting service [Tomcat]
15:30:05.173 [restartedMain] INFO  o.a.catalina.core.StandardEngine - Starting Servlet engine: [Apache Tomcat/9.0.68]
15:30:05.343 [restartedMain] INFO  o.a.c.c.C.[Tomcat].[localhost].[/] - Initializing Spring embedded WebApplicationContext
15:30:05.344 [restartedMain] INFO  o.s.b.w.s.c.ServletWebServerApplicationContext - Root WebApplicationContext: initialization completed in 1295 ms
15:30:05.645 [restartedMain] INFO  o.s.b.d.a.OptionalLiveReloadServer - LiveReload server is running on port 35729
15:30:05.683 [restartedMain] INFO  o.s.b.w.e.tomcat.TomcatWebServer - Tomcat started on port(s): 8080 (http) with context path ''
15:30:05.696 [restartedMain] INFO  org.shortner.Application - Started Application in 1.87 seconds (JVM running for 677.869)
15:30:05.701 [restartedMain] INFO  o.s.b.d.a.ConditionEvaluationDeltaLoggingListener - Condition evaluation unchanged
15:31:28.146 [background-preinit] INFO  o.h.validator.internal.util.Version - HV000001: Hibernate Validator 6.2.5.Final
15:31:28.229 [restartedMain] INFO  org.shortner.Application - Starting Application using Java 1.8.0_312 on DEV-5CG0107T2K with PID 22244 (C:\Codesparks\test-projects\url-shortner\target\classes started by d0106929 in C:\Codesparks\test-projects\url-shortner)
15:31:28.236 [restartedMain] INFO  org.shortner.Application - The following 1 profile is active: "dev"
15:31:28.503 [restartedMain] INFO  o.s.b.d.e.DevToolsPropertyDefaultsPostProcessor - Devtools property defaults active! Set 'spring.devtools.add-properties' to 'false' to disable
15:31:28.504 [restartedMain] INFO  o.s.b.d.e.DevToolsPropertyDefaultsPostProcessor - For additional web related logging consider setting the 'logging.level.web' property to 'DEBUG'
15:31:37.946 [restartedMain] INFO  o.s.b.w.e.tomcat.TomcatWebServer - Tomcat initialized with port(s): 8080 (http)
15:31:37.992 [restartedMain] INFO  o.a.coyote.http11.Http11NioProtocol - Initializing ProtocolHandler ["http-nio-8080"]
15:31:37.995 [restartedMain] INFO  o.a.catalina.core.StandardService - Starting service [Tomcat]
15:31:37.996 [restartedMain] INFO  o.a.catalina.core.StandardEngine - Starting Servlet engine: [Apache Tomcat/9.0.68]
15:31:38.582 [restartedMain] INFO  o.a.c.c.C.[Tomcat].[localhost].[/] - Initializing Spring embedded WebApplicationContext
15:31:38.583 [restartedMain] INFO  o.s.b.w.s.c.ServletWebServerApplicationContext - Root WebApplicationContext: initialization completed in 10077 ms
15:31:41.737 [restartedMain] INFO  o.s.b.d.a.OptionalLiveReloadServer - LiveReload server is running on port 35729
15:31:41.784 [restartedMain] INFO  o.a.coyote.http11.Http11NioProtocol - Starting ProtocolHandler ["http-nio-8080"]
15:31:41.894 [restartedMain] INFO  o.s.b.w.e.tomcat.TomcatWebServer - Tomcat started on port(s): 8080 (http) with context path ''
15:31:41.926 [restartedMain] INFO  org.shortner.Application - Started Application in 16.837 seconds (JVM running for 20.653)
15:39:26.252 [background-preinit] INFO  o.h.validator.internal.util.Version - HV000001: Hibernate Validator 6.2.5.Final
15:39:26.318 [restartedMain] INFO  org.shortner.Application - Starting Application using Java 1.8.0_312 on DEV-5CG0107T2K with PID 40592 (C:\Codesparks\test-projects\url-shortner\target\classes started by d0106929 in C:\Codesparks\test-projects\url-shortner)
15:39:26.324 [restartedMain] INFO  org.shortner.Application - The following 1 profile is active: "dev"
15:39:26.589 [restartedMain] INFO  o.s.b.d.e.DevToolsPropertyDefaultsPostProcessor - Devtools property defaults active! Set 'spring.devtools.add-properties' to 'false' to disable
15:39:26.589 [restartedMain] INFO  o.s.b.d.e.DevToolsPropertyDefaultsPostProcessor - For additional web related logging consider setting the 'logging.level.web' property to 'DEBUG'
15:39:39.867 [restartedMain] INFO  o.s.b.w.e.tomcat.TomcatWebServer - Tomcat initialized with port(s): 8080 (http)
15:39:39.973 [restartedMain] INFO  o.a.coyote.http11.Http11NioProtocol - Initializing ProtocolHandler ["http-nio-8080"]
15:39:39.977 [restartedMain] INFO  o.a.catalina.core.StandardService - Starting service [Tomcat]
15:39:39.978 [restartedMain] INFO  o.a.catalina.core.StandardEngine - Starting Servlet engine: [Apache Tomcat/9.0.68]
15:39:40.876 [restartedMain] INFO  o.a.c.c.C.[Tomcat].[localhost].[/] - Initializing Spring embedded WebApplicationContext
15:39:40.877 [restartedMain] INFO  o.s.b.w.s.c.ServletWebServerApplicationContext - Root WebApplicationContext: initialization completed in 14286 ms
15:39:43.686 [restartedMain] INFO  o.s.b.d.a.OptionalLiveReloadServer - LiveReload server is running on port 35729
15:39:43.721 [restartedMain] INFO  o.a.coyote.http11.Http11NioProtocol - Starting ProtocolHandler ["http-nio-8080"]
15:39:43.912 [restartedMain] INFO  o.s.b.w.e.tomcat.TomcatWebServer - Tomcat started on port(s): 8080 (http) with context path ''
15:39:43.944 [restartedMain] INFO  org.shortner.Application - Started Application in 20.538 seconds (JVM running for 23.16)
15:40:52.936 [http-nio-8080-exec-2] INFO  o.a.c.c.C.[Tomcat].[localhost].[/] - Initializing Spring DispatcherServlet 'dispatcherServlet'
15:40:52.937 [http-nio-8080-exec-2] INFO  o.s.web.servlet.DispatcherServlet - Initializing Servlet 'dispatcherServlet'
15:40:52.939 [http-nio-8080-exec-2] INFO  o.s.web.servlet.DispatcherServlet - Completed initialization in 2 ms
15:41:05.365 [http-nio-8080-exec-2] INFO  o.s.s.impl.UrlShortenerServiceImpl - shortUrl : http://localhost:8080/a1
15:41:41.888 [http-nio-8080-exec-6] INFO  o.s.s.impl.UrlShortenerServiceImpl - longUrl : null
15:41:41.907 [http-nio-8080-exec-6] ERROR o.a.c.c.C.[.[.[.[dispatcherServlet] - Servlet.service() for servlet [dispatcherServlet] in context with path [] threw exception [Request processing failed; nested exception is java.lang.IllegalArgumentException: Short URL not found.] with root cause
java.lang.IllegalArgumentException: Short URL not found.
	at org.shortner.service.impl.UrlShortenerServiceImpl.expandUrl(UrlShortenerServiceImpl.java:39)
	at org.shortner.resource.UrlShortenerController.expandUrl(UrlShortenerController.java:55)
	at sun.reflect.NativeMethodAccessorImpl.invoke0(Native Method)
	at sun.reflect.NativeMethodAccessorImpl.invoke(NativeMethodAccessorImpl.java:62)
	at sun.reflect.DelegatingMethodAccessorImpl.invoke(DelegatingMethodAccessorImpl.java:43)
	at java.lang.reflect.Method.invoke(Method.java:498)
	at org.springframework.web.method.support.InvocableHandlerMethod.doInvoke(InvocableHandlerMethod.java:205)
	at org.springframework.web.method.support.InvocableHandlerMethod.invokeForRequest(InvocableHandlerMethod.java:150)
	at org.springframework.web.servlet.mvc.method.annotation.ServletInvocableHandlerMethod.invokeAndHandle(ServletInvocableHandlerMethod.java:117)
	at org.springframework.web.servlet.mvc.method.annotation.RequestMappingHandlerAdapter.invokeHandlerMethod(RequestMappingHandlerAdapter.java:895)
	at org.springframework.web.servlet.mvc.method.annotation.RequestMappingHandlerAdapter.handleInternal(RequestMappingHandlerAdapter.java:808)
	at org.springframework.web.servlet.mvc.method.AbstractHandlerMethodAdapter.handle(AbstractHandlerMethodAdapter.java:87)
	at org.springframework.web.servlet.DispatcherServlet.doDispatch(DispatcherServlet.java:1071)
	at org.springframework.web.servlet.DispatcherServlet.doService(DispatcherServlet.java:964)
	at org.springframework.web.servlet.FrameworkServlet.processRequest(FrameworkServlet.java:1006)
	at org.springframework.web.servlet.FrameworkServlet.doPost(FrameworkServlet.java:909)
	at javax.servlet.http.HttpServlet.service(HttpServlet.java:696)
	at org.springframework.web.servlet.FrameworkServlet.service(FrameworkServlet.java:883)
	at javax.servlet.http.HttpServlet.service(HttpServlet.java:779)
	at org.apache.catalina.core.ApplicationFilterChain.internalDoFilter(ApplicationFilterChain.java:227)
	at org.apache.catalina.core.ApplicationFilterChain.doFilter(ApplicationFilterChain.java:162)
	at org.apache.tomcat.websocket.server.WsFilter.doFilter(WsFilter.java:53)
	at org.apache.catalina.core.ApplicationFilterChain.internalDoFilter(ApplicationFilterChain.java:189)
	at org.apache.catalina.core.ApplicationFilterChain.doFilter(ApplicationFilterChain.java:162)
	at org.springframework.web.filter.RequestContextFilter.doFilterInternal(RequestContextFilter.java:100)
	at org.springframework.web.filter.OncePerRequestFilter.doFilter(OncePerRequestFilter.java:117)
	at org.apache.catalina.core.ApplicationFilterChain.internalDoFilter(ApplicationFilterChain.java:189)
	at org.apache.catalina.core.ApplicationFilterChain.doFilter(ApplicationFilterChain.java:162)
	at org.springframework.web.filter.FormContentFilter.doFilterInternal(FormContentFilter.java:93)
	at org.springframework.web.filter.OncePerRequestFilter.doFilter(OncePerRequestFilter.java:117)
	at org.apache.catalina.core.ApplicationFilterChain.internalDoFilter(ApplicationFilterChain.java:189)
	at org.apache.catalina.core.ApplicationFilterChain.doFilter(ApplicationFilterChain.java:162)
	at org.springframework.web.filter.CharacterEncodingFilter.doFilterInternal(CharacterEncodingFilter.java:201)
	at org.springframework.web.filter.OncePerRequestFilter.doFilter(OncePerRequestFilter.java:117)
	at org.apache.catalina.core.ApplicationFilterChain.internalDoFilter(ApplicationFilterChain.java:189)
	at org.apache.catalina.core.ApplicationFilterChain.doFilter(ApplicationFilterChain.java:162)
	at org.apache.catalina.core.StandardWrapperValve.invoke(StandardWrapperValve.java:197)
	at org.apache.catalina.core.StandardContextValve.invoke(StandardContextValve.java:97)
	at org.apache.catalina.authenticator.AuthenticatorBase.invoke(AuthenticatorBase.java:541)
	at org.apache.catalina.core.StandardHostValve.invoke(StandardHostValve.java:135)
	at org.apache.catalina.valves.ErrorReportValve.invoke(ErrorReportValve.java:92)
	at org.apache.catalina.core.StandardEngineValve.invoke(StandardEngineValve.java:78)
	at org.apache.catalina.connector.CoyoteAdapter.service(CoyoteAdapter.java:360)
	at org.apache.coyote.http11.Http11Processor.service(Http11Processor.java:399)
	at org.apache.coyote.AbstractProcessorLight.process(AbstractProcessorLight.java:65)
	at org.apache.coyote.AbstractProtocol$ConnectionHandler.process(AbstractProtocol.java:893)
	at org.apache.tomcat.util.net.NioEndpoint$SocketProcessor.doRun(NioEndpoint.java:1789)
	at org.apache.tomcat.util.net.SocketProcessorBase.run(SocketProcessorBase.java:49)
	at org.apache.tomcat.util.threads.ThreadPoolExecutor.runWorker(ThreadPoolExecutor.java:1191)
	at org.apache.tomcat.util.threads.ThreadPoolExecutor$Worker.run(ThreadPoolExecutor.java:659)
	at org.apache.tomcat.util.threads.TaskThread$WrappingRunnable.run(TaskThread.java:61)
	at java.lang.Thread.run(Thread.java:748)
15:48:08.830 [background-preinit] INFO  o.h.validator.internal.util.Version - HV000001: Hibernate Validator 6.2.5.Final
15:48:09.011 [restartedMain] INFO  org.shortner.Application - Starting Application using Java 1.8.0_312 on DEV-5CG0107T2K with PID 16172 (C:\Codesparks\test-projects\url-shortner\target\classes started by d0106929 in C:\Codesparks\test-projects\url-shortner)
15:48:09.016 [restartedMain] INFO  org.shortner.Application - The following 1 profile is active: "dev"
15:48:09.486 [restartedMain] INFO  o.s.b.d.e.DevToolsPropertyDefaultsPostProcessor - Devtools property defaults active! Set 'spring.devtools.add-properties' to 'false' to disable
15:48:09.487 [restartedMain] INFO  o.s.b.d.e.DevToolsPropertyDefaultsPostProcessor - For additional web related logging consider setting the 'logging.level.web' property to 'DEBUG'
15:48:21.907 [restartedMain] INFO  o.s.b.w.e.tomcat.TomcatWebServer - Tomcat initialized with port(s): 8080 (http)
15:48:21.962 [restartedMain] INFO  o.a.coyote.http11.Http11NioProtocol - Initializing ProtocolHandler ["http-nio-8080"]
15:48:21.966 [restartedMain] INFO  o.a.catalina.core.StandardService - Starting service [Tomcat]
15:48:21.967 [restartedMain] INFO  o.a.catalina.core.StandardEngine - Starting Servlet engine: [Apache Tomcat/9.0.68]
15:48:22.551 [restartedMain] INFO  o.a.c.c.C.[Tomcat].[localhost].[/] - Initializing Spring embedded WebApplicationContext
15:48:22.552 [restartedMain] INFO  o.s.b.w.s.c.ServletWebServerApplicationContext - Root WebApplicationContext: initialization completed in 13063 ms
15:48:24.809 [restartedMain] INFO  o.s.b.d.a.OptionalLiveReloadServer - LiveReload server is running on port 35729
15:48:24.874 [restartedMain] INFO  o.a.coyote.http11.Http11NioProtocol - Starting ProtocolHandler ["http-nio-8080"]
15:48:25.000 [restartedMain] INFO  o.s.b.w.e.tomcat.TomcatWebServer - Tomcat started on port(s): 8080 (http) with context path ''
15:48:25.058 [restartedMain] INFO  org.shortner.Application - Started Application in 19.505 seconds (JVM running for 22.268)
16:04:36.083 [File Watcher] INFO  o.s.b.d.a.LocalDevToolsAutoConfiguration$RestartingClassPathChangeChangedEventListener - Restarting due to 2 class path changes (0 additions, 2 deletions, 0 modifications)
16:04:40.693 [Thread-6] INFO  o.a.coyote.http11.Http11NioProtocol - Pausing ProtocolHandler ["http-nio-8080"]
16:04:40.694 [Thread-6] INFO  o.a.catalina.core.StandardService - Stopping service [Tomcat]
16:04:40.727 [Thread-6] INFO  o.a.coyote.http11.Http11NioProtocol - Stopping ProtocolHandler ["http-nio-8080"]
16:04:40.740 [Thread-6] INFO  o.a.coyote.http11.Http11NioProtocol - Destroying ProtocolHandler ["http-nio-8080"]
16:04:41.277 [restartedMain] INFO  org.shortner.Application - Starting Application using Java 1.8.0_312 on DEV-5CG0107T2K with PID 16172 (C:\Codesparks\test-projects\url-shortner\target\classes started by d0106929 in C:\Codesparks\test-projects\url-shortner)
16:04:41.278 [restartedMain] INFO  org.shortner.Application - The following 1 profile is active: "dev"
16:04:42.334 [restartedMain] INFO  o.s.b.w.e.tomcat.TomcatWebServer - Tomcat initialized with port(s): 8080 (http)
16:04:42.337 [restartedMain] INFO  o.a.coyote.http11.Http11NioProtocol - Initializing ProtocolHandler ["http-nio-8080"]
16:04:42.340 [restartedMain] INFO  o.a.catalina.core.StandardService - Starting service [Tomcat]
16:04:42.341 [restartedMain] INFO  o.a.catalina.core.StandardEngine - Starting Servlet engine: [Apache Tomcat/9.0.68]
16:04:42.503 [restartedMain] INFO  o.a.c.c.C.[Tomcat].[localhost].[/] - Initializing Spring embedded WebApplicationContext
16:04:42.504 [restartedMain] INFO  o.s.b.w.s.c.ServletWebServerApplicationContext - Root WebApplicationContext: initialization completed in 1217 ms
16:04:42.542 [restartedMain] WARN  o.s.b.w.s.c.AnnotationConfigServletWebServerApplicationContext - Exception encountered during context initialization - cancelling refresh attempt: org.springframework.beans.factory.UnsatisfiedDependencyException: Error creating bean with name 'urlShortenerController' defined in file [C:\Codesparks\test-projects\url-shortner\target\classes\org\shortner\resource\UrlShortenerController.class]: Unsatisfied dependency expressed through constructor parameter 0; nested exception is org.springframework.beans.factory.NoSuchBeanDefinitionException: No qualifying bean of type 'org.shortner.service.UrlShortenerService' available: expected at least 1 bean which qualifies as autowire candidate. Dependency annotations: {}
16:04:42.544 [restartedMain] INFO  o.a.catalina.core.StandardService - Stopping service [Tomcat]
16:04:42.566 [restartedMain] INFO  o.s.b.a.l.ConditionEvaluationReportLoggingListener - 

Error starting ApplicationContext. To display the conditions report re-run your application with 'debug' enabled.
16:04:42.704 [restartedMain] ERROR o.s.b.d.LoggingFailureAnalysisReporter - 

***************************
APPLICATION FAILED TO START
***************************

Description:

Parameter 0 of constructor in org.shortner.resource.UrlShortenerController required a bean of type 'org.shortner.service.UrlShortenerService' that could not be found.


Action:

Consider defining a bean of type 'org.shortner.service.UrlShortenerService' in your configuration.

16:04:57.770 [restartedMain] INFO  org.shortner.Application - Starting Application using Java 1.8.0_312 on DEV-5CG0107T2K with PID 16172 (C:\Codesparks\test-projects\url-shortner\target\classes started by d0106929 in C:\Codesparks\test-projects\url-shortner)
16:04:57.771 [restartedMain] INFO  org.shortner.Application - The following 1 profile is active: "dev"
16:04:59.112 [restartedMain] INFO  o.s.b.w.e.tomcat.TomcatWebServer - Tomcat initialized with port(s): 8080 (http)
16:04:59.116 [restartedMain] INFO  o.a.coyote.http11.Http11NioProtocol - Initializing ProtocolHandler ["http-nio-8080"]
16:04:59.119 [restartedMain] INFO  o.a.catalina.core.StandardService - Starting service [Tomcat]
16:04:59.123 [restartedMain] INFO  o.a.catalina.core.StandardEngine - Starting Servlet engine: [Apache Tomcat/9.0.68]
16:04:59.312 [restartedMain] INFO  o.a.c.c.C.[Tomcat-1].[localhost].[/] - Initializing Spring embedded WebApplicationContext
16:04:59.312 [restartedMain] INFO  o.s.b.w.s.c.ServletWebServerApplicationContext - Root WebApplicationContext: initialization completed in 1532 ms
16:05:00.047 [restartedMain] INFO  o.s.b.d.a.OptionalLiveReloadServer - LiveReload server is running on port 35729
16:05:00.057 [restartedMain] INFO  o.a.coyote.http11.Http11NioProtocol - Starting ProtocolHandler ["http-nio-8080"]
16:05:00.462 [restartedMain] INFO  o.s.b.w.e.tomcat.TomcatWebServer - Tomcat started on port(s): 8080 (http) with context path ''
16:05:00.478 [restartedMain] INFO  org.shortner.Application - Started Application in 2.856 seconds (JVM running for 1017.688)
16:05:00.482 [restartedMain] INFO  o.s.b.d.a.ConditionEvaluationDeltaLoggingListener - Condition evaluation unchanged
16:05:26.561 [background-preinit] INFO  o.h.validator.internal.util.Version - HV000001: Hibernate Validator 6.2.5.Final
16:05:26.609 [main] INFO  o.s.s.i.UrlShortenerServiceImplTest - Starting UrlShortenerServiceImplTest using Java 1.8.0_312 on DEV-5CG0107T2K with PID 40100 (started by d0106929 in C:\Codesparks\test-projects\url-shortner)
16:05:26.613 [main] INFO  o.s.s.i.UrlShortenerServiceImplTest - The following 1 profile is active: "dev"
16:05:33.109 [main] INFO  o.s.s.i.UrlShortenerServiceImplTest - Started UrlShortenerServiceImplTest in 8.976 seconds (JVM running for 14.72)
16:05:35.191 [main] INFO  o.s.s.impl.UrlShortenerServiceImpl - shorten url : http://localhost:8080a1
16:20:32.702 [main] INFO  o.s.s.i.UrlShortenerServiceImplTest - Starting UrlShortenerServiceImplTest using Java 1.8.0_312 on DEV-5CG0107T2K with PID 41908 (started by d0106929 in C:\Codesparks\test-projects\url-shortner)
16:20:32.707 [main] INFO  o.s.s.i.UrlShortenerServiceImplTest - The following 1 profile is active: "dev"
16:20:32.738 [background-preinit] INFO  o.h.validator.internal.util.Version - HV000001: Hibernate Validator 6.2.5.Final
16:20:41.924 [main] INFO  o.s.s.i.UrlShortenerServiceImplTest - Started UrlShortenerServiceImplTest in 11.501 seconds (JVM running for 17.629)
16:20:46.333 [main] INFO  o.s.s.impl.UrlShortenerServiceImpl - long url : https://www.example.com/blog/i-did-something-cool
16:20:46.659 [main] INFO  o.s.s.impl.UrlShortenerServiceImpl - shorten url : http://localhost:8080a1
16:20:55.295 [main] INFO  o.s.s.i.UrlShortenerServiceImplTest - Starting UrlShortenerServiceImplTest using Java 1.8.0_312 on DEV-5CG0107T2K with PID 40116 (started by d0106929 in C:\Codesparks\test-projects\url-shortner)
16:20:55.300 [main] INFO  o.s.s.i.UrlShortenerServiceImplTest - The following 1 profile is active: "dev"
16:20:55.363 [background-preinit] INFO  o.h.validator.internal.util.Version - HV000001: Hibernate Validator 6.2.5.Final
16:21:03.398 [main] INFO  o.s.s.i.UrlShortenerServiceImplTest - Started UrlShortenerServiceImplTest in 10.449 seconds (JVM running for 15.381)
16:21:10.099 [main] INFO  o.s.s.impl.UrlShortenerServiceImpl - long url : https://www.example.com/blog/i-did-something-cool
16:21:10.906 [main] INFO  o.s.s.impl.UrlShortenerServiceImpl - shorten url : http://localhost:8080a1
16:24:22.222 [main] INFO  o.s.s.i.UrlShortenerServiceImplTest - Starting UrlShortenerServiceImplTest using Java 1.8.0_312 on DEV-5CG0107T2K with PID 41212 (started by d0106929 in C:\Codesparks\test-projects\url-shortner)
16:24:22.224 [background-preinit] INFO  o.h.validator.internal.util.Version - HV000001: Hibernate Validator 6.2.5.Final
16:24:22.227 [main] INFO  o.s.s.i.UrlShortenerServiceImplTest - The following 1 profile is active: "dev"
16:24:28.748 [main] INFO  o.s.s.i.UrlShortenerServiceImplTest - Started UrlShortenerServiceImplTest in 8.907 seconds (JVM running for 19.449)
16:24:30.995 [main] INFO  o.s.s.impl.UrlShortenerServiceImpl - long url : https://www.example.com/blog/i-did-something-cool
16:24:31.281 [main] INFO  o.s.s.impl.UrlShortenerServiceImpl - shorten url : http://localhost:8080a1
16:28:09.594 [main] INFO  o.s.s.i.UrlShortenerServiceImplTest - Starting UrlShortenerServiceImplTest using Java 1.8.0_312 on DEV-5CG0107T2K with PID 34532 (started by d0106929 in C:\Codesparks\test-projects\url-shortner)
16:28:09.600 [main] INFO  o.s.s.i.UrlShortenerServiceImplTest - The following 1 profile is active: "dev"
16:28:09.632 [background-preinit] INFO  o.h.validator.internal.util.Version - HV000001: Hibernate Validator 6.2.5.Final
16:28:17.050 [main] INFO  o.s.s.i.UrlShortenerServiceImplTest - Started UrlShortenerServiceImplTest in 9.839 seconds (JVM running for 16.141)
16:28:19.834 [main] INFO  o.s.s.impl.UrlShortenerServiceImpl - shorten url : http://localhost:8080a1
16:29:14.144 [http-nio-8080-exec-10] INFO  o.a.c.c.C.[Tomcat-1].[localhost].[/] - Initializing Spring DispatcherServlet 'dispatcherServlet'
16:29:14.145 [http-nio-8080-exec-10] INFO  o.s.web.servlet.DispatcherServlet - Initializing Servlet 'dispatcherServlet'
16:29:14.151 [http-nio-8080-exec-10] INFO  o.s.web.servlet.DispatcherServlet - Completed initialization in 5 ms
16:29:14.707 [http-nio-8080-exec-10] INFO  o.s.s.impl.UrlShortenerServiceImpl - shorten url : http://localhost:8080/a1
16:30:11.299 [main] INFO  o.s.s.i.UrlShortenerServiceImplTest - Starting UrlShortenerServiceImplTest using Java 1.8.0_312 on DEV-5CG0107T2K with PID 3844 (started by d0106929 in C:\Codesparks\test-projects\url-shortner)
16:30:11.303 [main] INFO  o.s.s.i.UrlShortenerServiceImplTest - The following 1 profile is active: "dev"
16:30:11.345 [background-preinit] INFO  o.h.validator.internal.util.Version - HV000001: Hibernate Validator 6.2.5.Final
16:30:20.499 [main] INFO  o.s.s.i.UrlShortenerServiceImplTest - Started UrlShortenerServiceImplTest in 11.554 seconds (JVM running for 17.705)
16:32:23.334 [main] INFO  o.s.s.impl.UrlShortenerServiceImpl - shorten url : http://localhost:8080a1
16:33:08.148 [File Watcher] INFO  o.s.b.d.a.LocalDevToolsAutoConfiguration$RestartingClassPathChangeChangedEventListener - Restarting due to 1 class path change (0 additions, 1 deletion, 0 modifications)
16:33:11.737 [Thread-8] INFO  o.a.coyote.http11.Http11NioProtocol - Pausing ProtocolHandler ["http-nio-8080"]
16:33:11.738 [Thread-8] INFO  o.a.catalina.core.StandardService - Stopping service [Tomcat]
16:33:11.739 [Thread-8] INFO  o.a.c.c.C.[Tomcat-1].[localhost].[/] - Destroying Spring FrameworkServlet 'dispatcherServlet'
16:33:11.748 [Thread-8] INFO  o.a.coyote.http11.Http11NioProtocol - Stopping ProtocolHandler ["http-nio-8080"]
16:33:11.755 [Thread-8] INFO  o.a.coyote.http11.Http11NioProtocol - Destroying ProtocolHandler ["http-nio-8080"]
16:33:12.542 [restartedMain] INFO  org.shortner.Application - Starting Application using Java 1.8.0_312 on DEV-5CG0107T2K with PID 16172 (C:\Codesparks\test-projects\url-shortner\target\classes started by d0106929 in C:\Codesparks\test-projects\url-shortner)
16:33:12.545 [restartedMain] INFO  org.shortner.Application - The following 1 profile is active: "dev"
16:33:14.600 [restartedMain] INFO  o.s.b.w.e.tomcat.TomcatWebServer - Tomcat initialized with port(s): 8080 (http)
16:33:14.601 [restartedMain] INFO  o.a.coyote.http11.Http11NioProtocol - Initializing ProtocolHandler ["http-nio-8080"]
16:33:14.602 [restartedMain] INFO  o.a.catalina.core.StandardService - Starting service [Tomcat]
16:33:14.603 [restartedMain] INFO  o.a.catalina.core.StandardEngine - Starting Servlet engine: [Apache Tomcat/9.0.68]
16:33:14.729 [restartedMain] INFO  o.a.c.c.C.[Tomcat-1].[localhost].[/] - Initializing Spring embedded WebApplicationContext
16:33:14.730 [restartedMain] INFO  o.s.b.w.s.c.ServletWebServerApplicationContext - Root WebApplicationContext: initialization completed in 2166 ms
16:33:15.154 [restartedMain] INFO  o.s.b.d.a.OptionalLiveReloadServer - LiveReload server is running on port 35729
16:33:15.161 [restartedMain] INFO  o.a.coyote.http11.Http11NioProtocol - Starting ProtocolHandler ["http-nio-8080"]
16:33:15.172 [restartedMain] INFO  o.s.b.w.e.tomcat.TomcatWebServer - Tomcat started on port(s): 8080 (http) with context path ''
16:33:15.177 [restartedMain] INFO  org.shortner.Application - Started Application in 3.147 seconds (JVM running for 2712.388)
16:33:15.180 [restartedMain] INFO  o.s.b.d.a.ConditionEvaluationDeltaLoggingListener - Condition evaluation unchanged
16:34:10.375 [main] INFO  o.s.s.i.UrlShortenerServiceImplTest - Starting UrlShortenerServiceImplTest using Java 1.8.0_312 on DEV-5CG0107T2K with PID 38900 (started by d0106929 in C:\Codesparks\test-projects\url-shortner)
16:34:10.380 [main] INFO  o.s.s.i.UrlShortenerServiceImplTest - The following 1 profile is active: "dev"
16:34:10.422 [background-preinit] INFO  o.h.validator.internal.util.Version - HV000001: Hibernate Validator 6.2.5.Final
16:34:17.834 [main] INFO  o.s.s.i.UrlShortenerServiceImplTest - Started UrlShortenerServiceImplTest in 9.828 seconds (JVM running for 16.036)
16:34:20.393 [main] INFO  o.s.s.impl.UrlShortenerServiceImpl - long url : https://www.example.com/blog/i-did-something-cool
16:34:20.730 [main] INFO  o.s.s.impl.UrlShortenerServiceImpl - shorten url : http://localhost:8080/a1
16:34:32.316 [main] INFO  o.s.s.i.UrlShortenerServiceImplTest - Starting UrlShortenerServiceImplTest using Java 1.8.0_312 on DEV-5CG0107T2K with PID 36088 (started by d0106929 in C:\Codesparks\test-projects\url-shortner)
16:34:32.322 [main] INFO  o.s.s.i.UrlShortenerServiceImplTest - The following 1 profile is active: "dev"
16:34:32.618 [background-preinit] INFO  o.h.validator.internal.util.Version - HV000001: Hibernate Validator 6.2.5.Final
16:34:39.430 [main] INFO  o.s.s.i.UrlShortenerServiceImplTest - Started UrlShortenerServiceImplTest in 9.3 seconds (JVM running for 14.434)
16:34:49.327 [main] INFO  o.s.s.impl.UrlShortenerServiceImpl - shorten url : http://localhost:8080/a1
16:35:40.025 [main] INFO  o.s.s.i.UrlShortenerServiceImplTest - Starting UrlShortenerServiceImplTest using Java 1.8.0_312 on DEV-5CG0107T2K with PID 38108 (started by d0106929 in C:\Codesparks\test-projects\url-shortner)
16:35:40.028 [main] INFO  o.s.s.i.UrlShortenerServiceImplTest - The following 1 profile is active: "dev"
16:35:40.059 [background-preinit] INFO  o.h.validator.internal.util.Version - HV000001: Hibernate Validator 6.2.5.Final
16:35:51.740 [main] INFO  o.s.s.i.UrlShortenerServiceImplTest - Started UrlShortenerServiceImplTest in 15.488 seconds (JVM running for 27.627)
16:35:53.851 [main] INFO  o.s.s.impl.UrlShortenerServiceImpl - long url : https://www.example.com/blog/i-did-something-cool
16:35:53.985 [main] INFO  o.s.s.impl.UrlShortenerServiceImpl - shorten url : http://localhost:8080/a1
16:37:10.568 [background-preinit] INFO  o.h.validator.internal.util.Version - HV000001: Hibernate Validator 6.2.5.Final
16:37:10.638 [restartedMain] INFO  org.shortner.Application - Starting Application using Java 1.8.0_312 on DEV-5CG0107T2K with PID 9772 (C:\Codesparks\test-projects\url-shortner\target\classes started by d0106929 in C:\Codesparks\test-projects\url-shortner)
16:37:10.661 [restartedMain] INFO  org.shortner.Application - The following 1 profile is active: "dev"
16:37:10.980 [restartedMain] INFO  o.s.b.d.e.DevToolsPropertyDefaultsPostProcessor - Devtools property defaults active! Set 'spring.devtools.add-properties' to 'false' to disable
16:37:10.981 [restartedMain] INFO  o.s.b.d.e.DevToolsPropertyDefaultsPostProcessor - For additional web related logging consider setting the 'logging.level.web' property to 'DEBUG'
16:37:22.567 [restartedMain] INFO  o.s.b.w.e.tomcat.TomcatWebServer - Tomcat initialized with port(s): 8080 (http)
16:37:22.636 [restartedMain] INFO  o.a.coyote.http11.Http11NioProtocol - Initializing ProtocolHandler ["http-nio-8080"]
16:37:22.642 [restartedMain] INFO  o.a.catalina.core.StandardService - Starting service [Tomcat]
16:37:22.643 [restartedMain] INFO  o.a.catalina.core.StandardEngine - Starting Servlet engine: [Apache Tomcat/9.0.68]
16:37:23.422 [restartedMain] INFO  o.a.c.c.C.[Tomcat].[localhost].[/] - Initializing Spring embedded WebApplicationContext
16:37:23.423 [restartedMain] INFO  o.s.b.w.s.c.ServletWebServerApplicationContext - Root WebApplicationContext: initialization completed in 12439 ms
16:37:25.960 [restartedMain] INFO  o.s.b.d.a.OptionalLiveReloadServer - LiveReload server is running on port 35729
16:37:26.003 [restartedMain] INFO  o.a.coyote.http11.Http11NioProtocol - Starting ProtocolHandler ["http-nio-8080"]
16:37:26.166 [restartedMain] INFO  o.s.b.w.e.tomcat.TomcatWebServer - Tomcat started on port(s): 8080 (http) with context path ''
16:37:26.236 [restartedMain] INFO  org.shortner.Application - Started Application in 18.939 seconds (JVM running for 22.033)
16:41:10.134 [background-preinit] INFO  o.h.validator.internal.util.Version - HV000001: Hibernate Validator 6.2.5.Final
16:41:10.233 [restartedMain] INFO  org.shortner.Application - Starting Application using Java 1.8.0_312 on DEV-5CG0107T2K with PID 27544 (C:\Codesparks\test-projects\url-shortner\target\classes started by d0106929 in C:\Codesparks\test-projects\url-shortner)
16:41:10.237 [restartedMain] INFO  org.shortner.Application - The following 1 profile is active: "dev"
16:41:10.481 [restartedMain] INFO  o.s.b.d.e.DevToolsPropertyDefaultsPostProcessor - Devtools property defaults active! Set 'spring.devtools.add-properties' to 'false' to disable
16:41:10.482 [restartedMain] INFO  o.s.b.d.e.DevToolsPropertyDefaultsPostProcessor - For additional web related logging consider setting the 'logging.level.web' property to 'DEBUG'
16:41:17.984 [restartedMain] INFO  o.s.b.w.e.tomcat.TomcatWebServer - Tomcat initialized with port(s): 8080 (http)
16:41:18.014 [restartedMain] INFO  o.a.coyote.http11.Http11NioProtocol - Initializing ProtocolHandler ["http-nio-8080"]
16:41:18.015 [restartedMain] INFO  o.a.catalina.core.StandardService - Starting service [Tomcat]
16:41:18.016 [restartedMain] INFO  o.a.catalina.core.StandardEngine - Starting Servlet engine: [Apache Tomcat/9.0.68]
16:41:18.379 [restartedMain] INFO  o.a.c.c.C.[Tomcat].[localhost].[/] - Initializing Spring embedded WebApplicationContext
16:41:18.380 [restartedMain] INFO  o.s.b.w.s.c.ServletWebServerApplicationContext - Root WebApplicationContext: initialization completed in 7896 ms
16:41:20.409 [restartedMain] INFO  o.s.b.d.a.OptionalLiveReloadServer - LiveReload server is running on port 35729
16:41:20.449 [restartedMain] INFO  o.a.coyote.http11.Http11NioProtocol - Starting ProtocolHandler ["http-nio-8080"]
16:41:20.616 [restartedMain] INFO  o.s.b.w.e.tomcat.TomcatWebServer - Tomcat started on port(s): 8080 (http) with context path ''
16:41:20.647 [restartedMain] INFO  org.shortner.Application - Started Application in 12.917 seconds (JVM running for 16.174)
16:42:22.503 [http-nio-8080-exec-2] INFO  o.a.c.c.C.[Tomcat].[localhost].[/] - Initializing Spring DispatcherServlet 'dispatcherServlet'
16:42:22.504 [http-nio-8080-exec-2] INFO  o.s.web.servlet.DispatcherServlet - Initializing Servlet 'dispatcherServlet'
16:42:22.508 [http-nio-8080-exec-2] INFO  o.s.web.servlet.DispatcherServlet - Completed initialization in 4 ms
16:42:24.574 [http-nio-8080-exec-2] INFO  o.s.s.impl.UrlShortenerServiceImpl - shorten url : http://localhost:8080/a1
16:42:38.950 [http-nio-8080-exec-5] INFO  o.s.s.impl.UrlShortenerServiceImpl - shorten url : http://localhost:8080/a2
16:43:55.132 [http-nio-8080-exec-3] INFO  o.s.s.impl.UrlShortenerServiceImpl - shorten url : http://localhost:8080/a3
16:44:35.585 [background-preinit] INFO  o.h.validator.internal.util.Version - HV000001: Hibernate Validator 6.2.5.Final
16:44:35.644 [restartedMain] INFO  org.shortner.Application - Starting Application using Java 1.8.0_312 on DEV-5CG0107T2K with PID 41204 (C:\Codesparks\test-projects\url-shortner\target\classes started by d0106929 in C:\Codesparks\test-projects\url-shortner)
16:44:35.647 [restartedMain] INFO  org.shortner.Application - The following 1 profile is active: "dev"
16:44:35.869 [restartedMain] INFO  o.s.b.d.e.DevToolsPropertyDefaultsPostProcessor - Devtools property defaults active! Set 'spring.devtools.add-properties' to 'false' to disable
16:44:35.869 [restartedMain] INFO  o.s.b.d.e.DevToolsPropertyDefaultsPostProcessor - For additional web related logging consider setting the 'logging.level.web' property to 'DEBUG'
16:44:43.176 [restartedMain] INFO  o.s.b.w.e.tomcat.TomcatWebServer - Tomcat initialized with port(s): 8080 (http)
16:44:43.212 [restartedMain] INFO  o.a.coyote.http11.Http11NioProtocol - Initializing ProtocolHandler ["http-nio-8080"]
16:44:43.214 [restartedMain] INFO  o.a.catalina.core.StandardService - Starting service [Tomcat]
16:44:43.214 [restartedMain] INFO  o.a.catalina.core.StandardEngine - Starting Servlet engine: [Apache Tomcat/9.0.68]
16:44:43.634 [restartedMain] INFO  o.a.c.c.C.[Tomcat].[localhost].[/] - Initializing Spring embedded WebApplicationContext
16:44:43.635 [restartedMain] INFO  o.s.b.w.s.c.ServletWebServerApplicationContext - Root WebApplicationContext: initialization completed in 7764 ms
16:44:45.485 [restartedMain] INFO  o.s.b.d.a.OptionalLiveReloadServer - LiveReload server is running on port 35729
16:44:45.519 [restartedMain] INFO  o.a.coyote.http11.Http11NioProtocol - Starting ProtocolHandler ["http-nio-8080"]
16:44:45.622 [restartedMain] INFO  o.s.b.w.e.tomcat.TomcatWebServer - Tomcat started on port(s): 8080 (http) with context path ''
16:44:45.652 [restartedMain] INFO  org.shortner.Application - Started Application in 12.458 seconds (JVM running for 14.994)
16:45:06.188 [http-nio-8080-exec-1] INFO  o.a.c.c.C.[Tomcat].[localhost].[/] - Initializing Spring DispatcherServlet 'dispatcherServlet'
16:45:06.188 [http-nio-8080-exec-1] INFO  o.s.web.servlet.DispatcherServlet - Initializing Servlet 'dispatcherServlet'
16:45:06.191 [http-nio-8080-exec-1] INFO  o.s.web.servlet.DispatcherServlet - Completed initialization in 2 ms
16:45:06.576 [http-nio-8080-exec-1] INFO  o.s.s.impl.UrlShortenerServiceImpl - shorten url : http://localhost:8080/a1
16:45:32.831 [http-nio-8080-exec-2] ERROR o.a.c.c.C.[.[.[.[dispatcherServlet] - Servlet.service() for servlet [dispatcherServlet] in context with path [] threw exception [Request processing failed; nested exception is java.lang.IllegalArgumentException: Already existing URL.] with root cause
java.lang.IllegalArgumentException: Already existing URL.
	at org.shortner.service.impl.UrlShortenerServiceImpl.shortenUrl(UrlShortenerServiceImpl.java:29)
	at org.shortner.resource.UrlShortenerController.shortenUrl(UrlShortenerController.java:37)
	at sun.reflect.NativeMethodAccessorImpl.invoke0(Native Method)
	at sun.reflect.NativeMethodAccessorImpl.invoke(NativeMethodAccessorImpl.java:62)
	at sun.reflect.DelegatingMethodAccessorImpl.invoke(DelegatingMethodAccessorImpl.java:43)
	at java.lang.reflect.Method.invoke(Method.java:498)
	at org.springframework.web.method.support.InvocableHandlerMethod.doInvoke(InvocableHandlerMethod.java:205)
	at org.springframework.web.method.support.InvocableHandlerMethod.invokeForRequest(InvocableHandlerMethod.java:150)
	at org.springframework.web.servlet.mvc.method.annotation.ServletInvocableHandlerMethod.invokeAndHandle(ServletInvocableHandlerMethod.java:117)
	at org.springframework.web.servlet.mvc.method.annotation.RequestMappingHandlerAdapter.invokeHandlerMethod(RequestMappingHandlerAdapter.java:895)
	at org.springframework.web.servlet.mvc.method.annotation.RequestMappingHandlerAdapter.handleInternal(RequestMappingHandlerAdapter.java:808)
	at org.springframework.web.servlet.mvc.method.AbstractHandlerMethodAdapter.handle(AbstractHandlerMethodAdapter.java:87)
	at org.springframework.web.servlet.DispatcherServlet.doDispatch(DispatcherServlet.java:1071)
	at org.springframework.web.servlet.DispatcherServlet.doService(DispatcherServlet.java:964)
	at org.springframework.web.servlet.FrameworkServlet.processRequest(FrameworkServlet.java:1006)
	at org.springframework.web.servlet.FrameworkServlet.doPost(FrameworkServlet.java:909)
	at javax.servlet.http.HttpServlet.service(HttpServlet.java:696)
	at org.springframework.web.servlet.FrameworkServlet.service(FrameworkServlet.java:883)
	at javax.servlet.http.HttpServlet.service(HttpServlet.java:779)
	at org.apache.catalina.core.ApplicationFilterChain.internalDoFilter(ApplicationFilterChain.java:227)
	at org.apache.catalina.core.ApplicationFilterChain.doFilter(ApplicationFilterChain.java:162)
	at org.apache.tomcat.websocket.server.WsFilter.doFilter(WsFilter.java:53)
	at org.apache.catalina.core.ApplicationFilterChain.internalDoFilter(ApplicationFilterChain.java:189)
	at org.apache.catalina.core.ApplicationFilterChain.doFilter(ApplicationFilterChain.java:162)
	at org.springframework.web.filter.RequestContextFilter.doFilterInternal(RequestContextFilter.java:100)
	at org.springframework.web.filter.OncePerRequestFilter.doFilter(OncePerRequestFilter.java:117)
	at org.apache.catalina.core.ApplicationFilterChain.internalDoFilter(ApplicationFilterChain.java:189)
	at org.apache.catalina.core.ApplicationFilterChain.doFilter(ApplicationFilterChain.java:162)
	at org.springframework.web.filter.FormContentFilter.doFilterInternal(FormContentFilter.java:93)
	at org.springframework.web.filter.OncePerRequestFilter.doFilter(OncePerRequestFilter.java:117)
	at org.apache.catalina.core.ApplicationFilterChain.internalDoFilter(ApplicationFilterChain.java:189)
	at org.apache.catalina.core.ApplicationFilterChain.doFilter(ApplicationFilterChain.java:162)
	at org.springframework.web.filter.CharacterEncodingFilter.doFilterInternal(CharacterEncodingFilter.java:201)
	at org.springframework.web.filter.OncePerRequestFilter.doFilter(OncePerRequestFilter.java:117)
	at org.apache.catalina.core.ApplicationFilterChain.internalDoFilter(ApplicationFilterChain.java:189)
	at org.apache.catalina.core.ApplicationFilterChain.doFilter(ApplicationFilterChain.java:162)
	at org.apache.catalina.core.StandardWrapperValve.invoke(StandardWrapperValve.java:197)
	at org.apache.catalina.core.StandardContextValve.invoke(StandardContextValve.java:97)
	at org.apache.catalina.authenticator.AuthenticatorBase.invoke(AuthenticatorBase.java:541)
	at org.apache.catalina.core.StandardHostValve.invoke(StandardHostValve.java:135)
	at org.apache.catalina.valves.ErrorReportValve.invoke(ErrorReportValve.java:92)
	at org.apache.catalina.core.StandardEngineValve.invoke(StandardEngineValve.java:78)
	at org.apache.catalina.connector.CoyoteAdapter.service(CoyoteAdapter.java:360)
	at org.apache.coyote.http11.Http11Processor.service(Http11Processor.java:399)
	at org.apache.coyote.AbstractProcessorLight.process(AbstractProcessorLight.java:65)
	at org.apache.coyote.AbstractProtocol$ConnectionHandler.process(AbstractProtocol.java:893)
	at org.apache.tomcat.util.net.NioEndpoint$SocketProcessor.doRun(NioEndpoint.java:1789)
	at org.apache.tomcat.util.net.SocketProcessorBase.run(SocketProcessorBase.java:49)
	at org.apache.tomcat.util.threads.ThreadPoolExecutor.runWorker(ThreadPoolExecutor.java:1191)
	at org.apache.tomcat.util.threads.ThreadPoolExecutor$Worker.run(ThreadPoolExecutor.java:659)
	at org.apache.tomcat.util.threads.TaskThread$WrappingRunnable.run(TaskThread.java:61)
	at java.lang.Thread.run(Thread.java:748)
16:47:31.453 [background-preinit] INFO  o.h.validator.internal.util.Version - HV000001: Hibernate Validator 6.2.5.Final
16:47:31.457 [main] INFO  o.s.s.i.UrlShortenerServiceImplTest - Starting UrlShortenerServiceImplTest using Java 1.8.0_312 on DEV-5CG0107T2K with PID 30520 (started by d0106929 in C:\Codesparks\test-projects\url-shortner)
16:47:31.460 [main] INFO  o.s.s.i.UrlShortenerServiceImplTest - The following 1 profile is active: "dev"
16:47:37.636 [main] INFO  o.s.s.i.UrlShortenerServiceImplTest - Started UrlShortenerServiceImplTest in 8.209 seconds (JVM running for 14.389)
16:47:39.600 [main] INFO  o.s.s.impl.UrlShortenerServiceImpl - long url : https://www.example.com/blog/i-did-something-cool
16:47:39.761 [main] INFO  o.s.s.impl.UrlShortenerServiceImpl - shorten url : http://localhost:8080/a1
17:07:29.455 [File Watcher] INFO  o.s.b.d.a.LocalDevToolsAutoConfiguration$RestartingClassPathChangeChangedEventListener - Restarting due to 1 class path change (0 additions, 1 deletion, 0 modifications)
17:07:33.122 [Thread-6] INFO  o.a.coyote.http11.Http11NioProtocol - Pausing ProtocolHandler ["http-nio-8080"]
17:07:33.123 [Thread-6] INFO  o.a.catalina.core.StandardService - Stopping service [Tomcat]
17:07:33.129 [Thread-6] INFO  o.a.c.c.C.[Tomcat].[localhost].[/] - Destroying Spring FrameworkServlet 'dispatcherServlet'
17:07:33.152 [Thread-6] INFO  o.a.coyote.http11.Http11NioProtocol - Stopping ProtocolHandler ["http-nio-8080"]
17:07:33.164 [Thread-6] INFO  o.a.coyote.http11.Http11NioProtocol - Destroying ProtocolHandler ["http-nio-8080"]
17:07:33.709 [restartedMain] INFO  org.shortner.Application - Starting Application using Java 1.8.0_312 on DEV-5CG0107T2K with PID 41204 (C:\Codesparks\test-projects\url-shortner\target\classes started by d0106929 in C:\Codesparks\test-projects\url-shortner)
17:07:33.709 [restartedMain] INFO  org.shortner.Application - The following 1 profile is active: "dev"
17:07:34.801 [restartedMain] INFO  o.s.b.w.e.tomcat.TomcatWebServer - Tomcat initialized with port(s): 8080 (http)
17:07:34.805 [restartedMain] INFO  o.a.coyote.http11.Http11NioProtocol - Initializing ProtocolHandler ["http-nio-8080"]
17:07:34.807 [restartedMain] INFO  o.a.catalina.core.StandardService - Starting service [Tomcat]
17:07:34.809 [restartedMain] INFO  o.a.catalina.core.StandardEngine - Starting Servlet engine: [Apache Tomcat/9.0.68]
17:07:34.995 [restartedMain] INFO  o.a.c.c.C.[Tomcat].[localhost].[/] - Initializing Spring embedded WebApplicationContext
17:07:34.996 [restartedMain] INFO  o.s.b.w.s.c.ServletWebServerApplicationContext - Root WebApplicationContext: initialization completed in 1278 ms
17:07:35.034 [restartedMain] WARN  o.s.b.w.s.c.AnnotationConfigServletWebServerApplicationContext - Exception encountered during context initialization - cancelling refresh attempt: org.springframework.beans.factory.UnsatisfiedDependencyException: Error creating bean with name 'urlShortenerController' defined in file [C:\Codesparks\test-projects\url-shortner\target\classes\org\shortner\resource\UrlShortenerController.class]: Unsatisfied dependency expressed through constructor parameter 0; nested exception is org.springframework.beans.factory.NoSuchBeanDefinitionException: No qualifying bean of type 'org.shortner.service.UrlShortenerService' available: expected at least 1 bean which qualifies as autowire candidate. Dependency annotations: {}
17:07:35.035 [restartedMain] INFO  o.a.catalina.core.StandardService - Stopping service [Tomcat]
17:07:35.054 [restartedMain] INFO  o.s.b.a.l.ConditionEvaluationReportLoggingListener - 

Error starting ApplicationContext. To display the conditions report re-run your application with 'debug' enabled.
17:07:35.156 [restartedMain] ERROR o.s.b.d.LoggingFailureAnalysisReporter - 

***************************
APPLICATION FAILED TO START
***************************

Description:

Parameter 0 of constructor in org.shortner.resource.UrlShortenerController required a bean of type 'org.shortner.service.UrlShortenerService' that could not be found.


Action:

Consider defining a bean of type 'org.shortner.service.UrlShortenerService' in your configuration.

17:07:51.360 [restartedMain] INFO  org.shortner.Application - Starting Application using Java 1.8.0_312 on DEV-5CG0107T2K with PID 41204 (C:\Codesparks\test-projects\url-shortner\target\classes started by d0106929 in C:\Codesparks\test-projects\url-shortner)
17:07:51.361 [restartedMain] INFO  org.shortner.Application - The following 1 profile is active: "dev"
17:07:52.756 [restartedMain] INFO  o.s.b.w.e.tomcat.TomcatWebServer - Tomcat initialized with port(s): 8080 (http)
17:07:52.762 [restartedMain] INFO  o.a.coyote.http11.Http11NioProtocol - Initializing ProtocolHandler ["http-nio-8080"]
17:07:52.766 [restartedMain] INFO  o.a.catalina.core.StandardService - Starting service [Tomcat]
17:07:52.766 [restartedMain] INFO  o.a.catalina.core.StandardEngine - Starting Servlet engine: [Apache Tomcat/9.0.68]
17:07:52.977 [restartedMain] INFO  o.a.c.c.C.[Tomcat-1].[localhost].[/] - Initializing Spring embedded WebApplicationContext
17:07:52.978 [restartedMain] INFO  o.s.b.w.s.c.ServletWebServerApplicationContext - Root WebApplicationContext: initialization completed in 1607 ms
17:07:53.438 [restartedMain] INFO  o.s.b.d.a.OptionalLiveReloadServer - LiveReload server is running on port 35729
17:07:53.456 [restartedMain] INFO  o.a.coyote.http11.Http11NioProtocol - Starting ProtocolHandler ["http-nio-8080"]
17:07:53.493 [restartedMain] INFO  o.s.b.w.e.tomcat.TomcatWebServer - Tomcat started on port(s): 8080 (http) with context path ''
17:07:53.502 [restartedMain] INFO  org.shortner.Application - Started Application in 2.33 seconds (JVM running for 1402.844)
17:07:53.509 [restartedMain] INFO  o.s.b.d.a.ConditionEvaluationDeltaLoggingListener - Condition evaluation unchanged
17:08:32.181 [File Watcher] INFO  o.s.b.d.a.LocalDevToolsAutoConfiguration$RestartingClassPathChangeChangedEventListener - Restarting due to 1 class path change (0 additions, 1 deletion, 0 modifications)
17:08:35.352 [Thread-8] INFO  o.a.coyote.http11.Http11NioProtocol - Pausing ProtocolHandler ["http-nio-8080"]
17:08:35.353 [Thread-8] INFO  o.a.catalina.core.StandardService - Stopping service [Tomcat]
17:08:35.367 [Thread-8] INFO  o.a.coyote.http11.Http11NioProtocol - Stopping ProtocolHandler ["http-nio-8080"]
17:08:35.374 [Thread-8] INFO  o.a.coyote.http11.Http11NioProtocol - Destroying ProtocolHandler ["http-nio-8080"]
17:08:35.765 [restartedMain] INFO  org.shortner.Application - Starting Application using Java 1.8.0_312 on DEV-5CG0107T2K with PID 41204 (C:\Codesparks\test-projects\url-shortner\target\classes started by d0106929 in C:\Codesparks\test-projects\url-shortner)
17:08:35.767 [restartedMain] INFO  org.shortner.Application - The following 1 profile is active: "dev"
17:08:37.139 [restartedMain] INFO  o.s.b.w.e.tomcat.TomcatWebServer - Tomcat initialized with port(s): 8080 (http)
17:08:37.141 [restartedMain] INFO  o.a.coyote.http11.Http11NioProtocol - Initializing ProtocolHandler ["http-nio-8080"]
17:08:37.143 [restartedMain] INFO  o.a.catalina.core.StandardService - Starting service [Tomcat]
17:08:37.144 [restartedMain] INFO  o.a.catalina.core.StandardEngine - Starting Servlet engine: [Apache Tomcat/9.0.68]
17:08:37.286 [restartedMain] INFO  o.a.c.c.C.[Tomcat-1].[localhost].[/] - Initializing Spring embedded WebApplicationContext
17:08:37.286 [restartedMain] INFO  o.s.b.w.s.c.ServletWebServerApplicationContext - Root WebApplicationContext: initialization completed in 1503 ms
17:08:37.313 [restartedMain] WARN  o.s.b.w.s.c.AnnotationConfigServletWebServerApplicationContext - Exception encountered during context initialization - cancelling refresh attempt: org.springframework.beans.factory.UnsatisfiedDependencyException: Error creating bean with name 'urlShortenerController' defined in file [C:\Codesparks\test-projects\url-shortner\target\classes\org\shortner\resource\UrlShortenerController.class]: Unsatisfied dependency expressed through constructor parameter 0; nested exception is org.springframework.beans.factory.NoSuchBeanDefinitionException: No qualifying bean of type 'org.shortner.service.UrlShortenerService' available: expected at least 1 bean which qualifies as autowire candidate. Dependency annotations: {}
17:08:37.314 [restartedMain] INFO  o.a.catalina.core.StandardService - Stopping service [Tomcat]
17:08:37.324 [restartedMain] INFO  o.s.b.a.l.ConditionEvaluationReportLoggingListener - 

Error starting ApplicationContext. To display the conditions report re-run your application with 'debug' enabled.
17:08:37.347 [restartedMain] ERROR o.s.b.d.LoggingFailureAnalysisReporter - 

***************************
APPLICATION FAILED TO START
***************************

Description:

Parameter 0 of constructor in org.shortner.resource.UrlShortenerController required a bean of type 'org.shortner.service.UrlShortenerService' that could not be found.


Action:

Consider defining a bean of type 'org.shortner.service.UrlShortenerService' in your configuration.

17:08:50.345 [restartedMain] INFO  org.shortner.Application - Starting Application using Java 1.8.0_312 on DEV-5CG0107T2K with PID 41204 (C:\Codesparks\test-projects\url-shortner\target\classes started by d0106929 in C:\Codesparks\test-projects\url-shortner)
17:08:50.345 [restartedMain] INFO  org.shortner.Application - The following 1 profile is active: "dev"
17:08:51.405 [restartedMain] INFO  o.s.b.w.e.tomcat.TomcatWebServer - Tomcat initialized with port(s): 8080 (http)
17:08:51.413 [restartedMain] INFO  o.a.coyote.http11.Http11NioProtocol - Initializing ProtocolHandler ["http-nio-8080"]
17:08:51.414 [restartedMain] INFO  o.a.catalina.core.StandardService - Starting service [Tomcat]
17:08:51.418 [restartedMain] INFO  o.a.catalina.core.StandardEngine - Starting Servlet engine: [Apache Tomcat/9.0.68]
17:08:51.588 [restartedMain] INFO  o.a.c.c.C.[Tomcat-2].[localhost].[/] - Initializing Spring embedded WebApplicationContext
17:08:51.589 [restartedMain] INFO  o.s.b.w.s.c.ServletWebServerApplicationContext - Root WebApplicationContext: initialization completed in 1236 ms
17:08:52.251 [restartedMain] INFO  o.s.b.d.a.OptionalLiveReloadServer - LiveReload server is running on port 35729
17:08:52.259 [restartedMain] INFO  o.a.coyote.http11.Http11NioProtocol - Starting ProtocolHandler ["http-nio-8080"]
17:08:52.291 [restartedMain] INFO  o.s.b.w.e.tomcat.TomcatWebServer - Tomcat started on port(s): 8080 (http) with context path ''
17:08:52.301 [restartedMain] INFO  org.shortner.Application - Started Application in 2.105 seconds (JVM running for 1461.644)
17:08:52.305 [restartedMain] INFO  o.s.b.d.a.ConditionEvaluationDeltaLoggingListener - Condition evaluation unchanged
17:09:05.252 [main] INFO  o.s.s.i.UrlShortenerServiceImplTest - Starting UrlShortenerServiceImplTest using Java 1.8.0_312 on DEV-5CG0107T2K with PID 1960 (started by d0106929 in C:\Codesparks\test-projects\url-shortner)
17:09:05.256 [main] INFO  o.s.s.i.UrlShortenerServiceImplTest - The following 1 profile is active: "dev"
17:09:05.322 [background-preinit] INFO  o.h.validator.internal.util.Version - HV000001: Hibernate Validator 6.2.5.Final
17:09:13.614 [main] INFO  o.s.s.i.UrlShortenerServiceImplTest - Started UrlShortenerServiceImplTest in 10.983 seconds (JVM running for 17.204)
17:09:15.991 [main] INFO  o.s.s.impl.UrlShortenerServiceImpl - long url : https://www.example.com/blog/i-did-something-cool
17:09:16.115 [main] INFO  o.s.s.impl.UrlShortenerServiceImpl - shorten url : http://localhost:8080/b
17:10:04.148 [background-preinit] INFO  o.h.validator.internal.util.Version - HV000001: Hibernate Validator 6.2.5.Final
17:10:04.206 [restartedMain] INFO  org.shortner.Application - Starting Application using Java 1.8.0_312 on DEV-5CG0107T2K with PID 41196 (C:\Codesparks\test-projects\url-shortner\target\classes started by d0106929 in C:\Codesparks\test-projects\url-shortner)
17:10:04.208 [restartedMain] INFO  org.shortner.Application - The following 1 profile is active: "dev"
17:10:04.435 [restartedMain] INFO  o.s.b.d.e.DevToolsPropertyDefaultsPostProcessor - Devtools property defaults active! Set 'spring.devtools.add-properties' to 'false' to disable
17:10:04.436 [restartedMain] INFO  o.s.b.d.e.DevToolsPropertyDefaultsPostProcessor - For additional web related logging consider setting the 'logging.level.web' property to 'DEBUG'
17:10:12.639 [restartedMain] INFO  o.s.b.w.e.tomcat.TomcatWebServer - Tomcat initialized with port(s): 8080 (http)
17:10:12.672 [restartedMain] INFO  o.a.coyote.http11.Http11NioProtocol - Initializing ProtocolHandler ["http-nio-8080"]
17:10:12.674 [restartedMain] INFO  o.a.catalina.core.StandardService - Starting service [Tomcat]
17:10:12.675 [restartedMain] INFO  o.a.catalina.core.StandardEngine - Starting Servlet engine: [Apache Tomcat/9.0.68]
17:10:13.016 [restartedMain] INFO  o.a.c.c.C.[Tomcat].[localhost].[/] - Initializing Spring embedded WebApplicationContext
17:10:13.018 [restartedMain] INFO  o.s.b.w.s.c.ServletWebServerApplicationContext - Root WebApplicationContext: initialization completed in 8576 ms
17:10:14.881 [restartedMain] INFO  o.s.b.d.a.OptionalLiveReloadServer - LiveReload server is running on port 35729
17:10:14.915 [restartedMain] INFO  o.a.coyote.http11.Http11NioProtocol - Starting ProtocolHandler ["http-nio-8080"]
17:10:15.047 [restartedMain] INFO  o.s.b.w.e.tomcat.TomcatWebServer - Tomcat started on port(s): 8080 (http) with context path ''
17:10:15.082 [restartedMain] INFO  org.shortner.Application - Started Application in 13.347 seconds (JVM running for 15.919)
17:10:47.060 [http-nio-8080-exec-2] INFO  o.a.c.c.C.[Tomcat].[localhost].[/] - Initializing Spring DispatcherServlet 'dispatcherServlet'
17:10:47.060 [http-nio-8080-exec-2] INFO  o.s.web.servlet.DispatcherServlet - Initializing Servlet 'dispatcherServlet'
17:10:47.062 [http-nio-8080-exec-2] INFO  o.s.web.servlet.DispatcherServlet - Completed initialization in 2 ms
17:10:47.452 [http-nio-8080-exec-2] INFO  o.s.s.impl.UrlShortenerServiceImpl - shorten url : http://localhost:8080/b
17:10:59.864 [http-nio-8080-exec-6] INFO  o.s.s.impl.UrlShortenerServiceImpl - shorten url : http://localhost:8080/c
17:27:31.873 [background-preinit] INFO  o.h.validator.internal.util.Version - HV000001: Hibernate Validator 6.2.5.Final
17:27:32.212 [restartedMain] INFO  org.shortner.Application - Starting Application using Java 1.8.0_312 on DEV-5CG0107T2K with PID 35964 (C:\Codesparks\test-projects\url-shortner\target\classes started by d0106929 in C:\Codesparks\test-projects\url-shortner)
17:27:32.219 [restartedMain] INFO  org.shortner.Application - The following 1 profile is active: "dev"
17:27:32.489 [restartedMain] INFO  o.s.b.d.e.DevToolsPropertyDefaultsPostProcessor - Devtools property defaults active! Set 'spring.devtools.add-properties' to 'false' to disable
17:27:32.490 [restartedMain] INFO  o.s.b.d.e.DevToolsPropertyDefaultsPostProcessor - For additional web related logging consider setting the 'logging.level.web' property to 'DEBUG'
17:27:41.044 [restartedMain] INFO  o.s.b.w.e.tomcat.TomcatWebServer - Tomcat initialized with port(s): 8080 (http)
17:27:41.083 [restartedMain] INFO  o.a.coyote.http11.Http11NioProtocol - Initializing ProtocolHandler ["http-nio-8080"]
17:27:41.085 [restartedMain] INFO  o.a.catalina.core.StandardService - Starting service [Tomcat]
17:27:41.085 [restartedMain] INFO  o.a.catalina.core.StandardEngine - Starting Servlet engine: [Apache Tomcat/9.0.68]
17:27:41.440 [restartedMain] INFO  o.a.c.c.C.[Tomcat].[localhost].[/] - Initializing Spring embedded WebApplicationContext
17:27:41.441 [restartedMain] INFO  o.s.b.w.s.c.ServletWebServerApplicationContext - Root WebApplicationContext: initialization completed in 8949 ms
17:27:43.519 [restartedMain] INFO  o.s.b.d.a.OptionalLiveReloadServer - LiveReload server is running on port 35729
17:27:43.564 [restartedMain] INFO  o.a.coyote.http11.Http11NioProtocol - Starting ProtocolHandler ["http-nio-8080"]
17:27:43.786 [restartedMain] INFO  o.s.b.w.e.tomcat.TomcatWebServer - Tomcat started on port(s): 8080 (http) with context path ''
17:27:43.828 [restartedMain] INFO  org.shortner.Application - Started Application in 14.712 seconds (JVM running for 17.895)
17:28:30.529 [http-nio-8080-exec-2] INFO  o.a.c.c.C.[Tomcat].[localhost].[/] - Initializing Spring DispatcherServlet 'dispatcherServlet'
17:28:30.530 [http-nio-8080-exec-2] INFO  o.s.web.servlet.DispatcherServlet - Initializing Servlet 'dispatcherServlet'
17:28:30.532 [http-nio-8080-exec-2] INFO  o.s.web.servlet.DispatcherServlet - Completed initialization in 2 ms
17:28:30.971 [http-nio-8080-exec-2] INFO  o.s.s.impl.UrlShortenerServiceImpl - shorten url : http://localhost:8080/1957d8
17:28:44.519 [http-nio-8080-exec-3] INFO  o.s.s.impl.UrlShortenerServiceImpl - shorten url : http://localhost:8080/b0d8c3
17:44:02.424 [background-preinit] INFO  o.h.validator.internal.util.Version - HV000001: Hibernate Validator 6.2.5.Final
17:44:02.511 [restartedMain] INFO  org.shortner.Application - Starting Application using Java 1.8.0_312 on DEV-5CG0107T2K with PID 36172 (C:\Codesparks\test-projects\url-shortner\target\classes started by d0106929 in C:\Codesparks\test-projects\url-shortner)
17:44:02.515 [restartedMain] INFO  org.shortner.Application - The following 1 profile is active: "dev"
17:44:02.739 [restartedMain] INFO  o.s.b.d.e.DevToolsPropertyDefaultsPostProcessor - Devtools property defaults active! Set 'spring.devtools.add-properties' to 'false' to disable
17:44:02.740 [restartedMain] INFO  o.s.b.d.e.DevToolsPropertyDefaultsPostProcessor - For additional web related logging consider setting the 'logging.level.web' property to 'DEBUG'
17:44:11.033 [restartedMain] INFO  o.s.b.w.e.tomcat.TomcatWebServer - Tomcat initialized with port(s): 8080 (http)
17:44:11.080 [restartedMain] INFO  o.a.coyote.http11.Http11NioProtocol - Initializing ProtocolHandler ["http-nio-8080"]
17:44:11.082 [restartedMain] INFO  o.a.catalina.core.StandardService - Starting service [Tomcat]
17:44:11.083 [restartedMain] INFO  o.a.catalina.core.StandardEngine - Starting Servlet engine: [Apache Tomcat/9.0.68]
17:44:11.920 [restartedMain] INFO  o.a.c.c.C.[Tomcat].[localhost].[/] - Initializing Spring embedded WebApplicationContext
17:44:11.921 [restartedMain] INFO  o.s.b.w.s.c.ServletWebServerApplicationContext - Root WebApplicationContext: initialization completed in 9179 ms
17:44:14.109 [restartedMain] INFO  o.s.b.d.a.OptionalLiveReloadServer - LiveReload server is running on port 35729
17:44:14.143 [restartedMain] INFO  o.a.coyote.http11.Http11NioProtocol - Starting ProtocolHandler ["http-nio-8080"]
17:44:14.244 [restartedMain] INFO  o.s.b.w.e.tomcat.TomcatWebServer - Tomcat started on port(s): 8080 (http) with context path ''
17:44:14.281 [restartedMain] INFO  org.shortner.Application - Started Application in 14.902 seconds (JVM running for 18.059)
17:50:03.192 [File Watcher] INFO  o.s.b.d.a.LocalDevToolsAutoConfiguration$RestartingClassPathChangeChangedEventListener - Restarting due to 3 class path changes (0 additions, 3 deletions, 0 modifications)
17:50:06.718 [Thread-6] INFO  o.a.coyote.http11.Http11NioProtocol - Pausing ProtocolHandler ["http-nio-8080"]
17:50:06.719 [Thread-6] INFO  o.a.catalina.core.StandardService - Stopping service [Tomcat]
17:50:06.751 [Thread-6] INFO  o.a.coyote.http11.Http11NioProtocol - Stopping ProtocolHandler ["http-nio-8080"]
17:50:06.760 [Thread-6] INFO  o.a.coyote.http11.Http11NioProtocol - Destroying ProtocolHandler ["http-nio-8080"]
17:50:07.315 [restartedMain] INFO  org.shortner.Application - Starting Application using Java 1.8.0_312 on DEV-5CG0107T2K with PID 36172 (C:\Codesparks\test-projects\url-shortner\target\classes started by d0106929 in C:\Codesparks\test-projects\url-shortner)
17:50:07.316 [restartedMain] INFO  org.shortner.Application - The following 1 profile is active: "dev"
17:50:08.616 [restartedMain] INFO  o.s.b.w.e.tomcat.TomcatWebServer - Tomcat initialized with port(s): 8080 (http)
17:50:08.619 [restartedMain] INFO  o.a.coyote.http11.Http11NioProtocol - Initializing ProtocolHandler ["http-nio-8080"]
17:50:08.619 [restartedMain] INFO  o.a.catalina.core.StandardService - Starting service [Tomcat]
17:50:08.620 [restartedMain] INFO  o.a.catalina.core.StandardEngine - Starting Servlet engine: [Apache Tomcat/9.0.68]
17:50:08.722 [restartedMain] INFO  o.a.c.c.C.[Tomcat].[localhost].[/] - Initializing Spring embedded WebApplicationContext
17:50:08.722 [restartedMain] INFO  o.s.b.w.s.c.ServletWebServerApplicationContext - Root WebApplicationContext: initialization completed in 1395 ms
17:50:09.088 [restartedMain] INFO  o.s.b.d.a.OptionalLiveReloadServer - LiveReload server is running on port 35729
17:50:09.096 [restartedMain] INFO  o.a.coyote.http11.Http11NioProtocol - Starting ProtocolHandler ["http-nio-8080"]
17:50:09.123 [restartedMain] INFO  o.s.b.w.e.tomcat.TomcatWebServer - Tomcat started on port(s): 8080 (http) with context path ''
17:50:09.131 [restartedMain] INFO  org.shortner.Application - Started Application in 2.13 seconds (JVM running for 372.909)
17:50:09.139 [restartedMain] INFO  o.s.b.d.a.ConditionEvaluationDeltaLoggingListener - Condition evaluation unchanged
17:50:25.039 [File Watcher] INFO  o.s.b.d.a.LocalDevToolsAutoConfiguration$RestartingClassPathChangeChangedEventListener - Restarting due to 3 class path changes (3 additions, 0 deletions, 0 modifications)
17:50:28.661 [Thread-8] INFO  o.a.coyote.http11.Http11NioProtocol - Pausing ProtocolHandler ["http-nio-8080"]
17:50:28.662 [Thread-8] INFO  o.a.catalina.core.StandardService - Stopping service [Tomcat]
17:50:28.672 [Thread-8] INFO  o.a.coyote.http11.Http11NioProtocol - Stopping ProtocolHandler ["http-nio-8080"]
17:50:28.681 [Thread-8] INFO  o.a.coyote.http11.Http11NioProtocol - Destroying ProtocolHandler ["http-nio-8080"]
17:50:29.123 [restartedMain] INFO  org.shortner.Application - Starting Application using Java 1.8.0_312 on DEV-5CG0107T2K with PID 36172 (C:\Codesparks\test-projects\url-shortner\target\classes started by d0106929 in C:\Codesparks\test-projects\url-shortner)
17:50:29.124 [restartedMain] INFO  org.shortner.Application - The following 1 profile is active: "dev"
17:50:30.596 [restartedMain] INFO  o.s.b.w.e.tomcat.TomcatWebServer - Tomcat initialized with port(s): 8080 (http)
17:50:30.597 [restartedMain] INFO  o.a.coyote.http11.Http11NioProtocol - Initializing ProtocolHandler ["http-nio-8080"]
17:50:30.598 [restartedMain] INFO  o.a.catalina.core.StandardService - Starting service [Tomcat]
17:50:30.599 [restartedMain] INFO  o.a.catalina.core.StandardEngine - Starting Servlet engine: [Apache Tomcat/9.0.68]
17:50:31.129 [restartedMain] INFO  o.a.c.c.C.[Tomcat].[localhost].[/] - Initializing Spring embedded WebApplicationContext
17:50:31.133 [restartedMain] INFO  o.s.b.w.s.c.ServletWebServerApplicationContext - Root WebApplicationContext: initialization completed in 2000 ms
17:50:31.779 [restartedMain] INFO  o.s.b.d.a.OptionalLiveReloadServer - LiveReload server is running on port 35729
17:50:31.823 [restartedMain] INFO  o.a.coyote.http11.Http11NioProtocol - Starting ProtocolHandler ["http-nio-8080"]
17:50:31.857 [restartedMain] INFO  o.s.b.w.e.tomcat.TomcatWebServer - Tomcat started on port(s): 8080 (http) with context path ''
17:50:31.871 [restartedMain] INFO  org.shortner.Application - Started Application in 2.935 seconds (JVM running for 395.649)
17:50:31.893 [restartedMain] INFO  o.s.b.d.a.ConditionEvaluationDeltaLoggingListener - Condition evaluation unchanged
17:50:48.030 [main] INFO  o.s.s.i.UrlShortenerServiceImplTest - Starting UrlShortenerServiceImplTest using Java 1.8.0_312 on DEV-5CG0107T2K with PID 24992 (started by d0106929 in C:\Codesparks\test-projects\url-shortner)
17:50:48.034 [main] INFO  o.s.s.i.UrlShortenerServiceImplTest - The following 1 profile is active: "dev"
17:50:48.051 [background-preinit] INFO  o.h.validator.internal.util.Version - HV000001: Hibernate Validator 6.2.5.Final
17:50:53.268 [main] INFO  o.s.s.i.UrlShortenerServiceImplTest - Started UrlShortenerServiceImplTest in 7.063 seconds (JVM running for 16.684)
17:50:55.914 [main] INFO  o.s.s.impl.UrlShortenerServiceImpl - shorten url : http://localhost:80801957d8
17:50:55.961 [main] INFO  o.s.s.impl.UrlShortenerServiceImpl - shorten url : http://localhost:80801957d8
17:53:40.313 [main] INFO  o.s.s.i.UrlShortenerServiceImplTest - Starting UrlShortenerServiceImplTest using Java 1.8.0_312 on DEV-5CG0107T2K with PID 41180 (started by d0106929 in C:\Codesparks\test-projects\url-shortner)
17:53:40.317 [main] INFO  o.s.s.i.UrlShortenerServiceImplTest - The following 1 profile is active: "dev"
17:53:40.331 [background-preinit] INFO  o.h.validator.internal.util.Version - HV000001: Hibernate Validator 6.2.5.Final
17:53:46.813 [main] INFO  o.s.s.i.UrlShortenerServiceImplTest - Started UrlShortenerServiceImplTest in 8.399 seconds (JVM running for 18.106)
17:53:49.032 [main] INFO  o.s.s.impl.UrlShortenerServiceImpl - shorten url : http://localhost:80801957d8
17:53:49.065 [main] INFO  o.s.s.impl.UrlShortenerServiceImpl - shorten url : http://localhost:80801957d8
17:54:15.866 [main] INFO  o.s.s.i.UrlShortenerServiceImplTest - Starting UrlShortenerServiceImplTest using Java 1.8.0_312 on DEV-5CG0107T2K with PID 19204 (started by d0106929 in C:\Codesparks\test-projects\url-shortner)
17:54:15.870 [main] INFO  o.s.s.i.UrlShortenerServiceImplTest - The following 1 profile is active: "dev"
17:54:15.887 [background-preinit] INFO  o.h.validator.internal.util.Version - HV000001: Hibernate Validator 6.2.5.Final
17:54:22.562 [main] INFO  o.s.s.i.UrlShortenerServiceImplTest - Started UrlShortenerServiceImplTest in 8.929 seconds (JVM running for 14.271)
17:54:24.725 [main] INFO  o.s.s.impl.UrlShortenerServiceImpl - shorten url : http://localhost:80801957d8
17:55:49.256 [main] INFO  o.s.s.i.UrlShortenerServiceImplTest - Starting UrlShortenerServiceImplTest using Java 1.8.0_312 on DEV-5CG0107T2K with PID 27944 (started by d0106929 in C:\Codesparks\test-projects\url-shortner)
17:55:49.259 [main] INFO  o.s.s.i.UrlShortenerServiceImplTest - The following 1 profile is active: "dev"
17:55:49.355 [background-preinit] INFO  o.h.validator.internal.util.Version - HV000001: Hibernate Validator 6.2.5.Final
17:55:55.650 [main] INFO  o.s.s.i.UrlShortenerServiceImplTest - Started UrlShortenerServiceImplTest in 8.67 seconds (JVM running for 19.529)
17:55:58.088 [main] INFO  o.s.s.impl.UrlShortenerServiceImpl - shorten url : http://localhost:8080/1957d8
17:55:58.102 [main] INFO  o.s.s.impl.UrlShortenerServiceImpl - long url : https://www.example.com/blog/i-did-something-cool
17:56:57.165 [http-nio-8080-exec-8] INFO  o.a.c.c.C.[Tomcat].[localhost].[/] - Initializing Spring DispatcherServlet 'dispatcherServlet'
17:56:57.168 [http-nio-8080-exec-8] INFO  o.s.web.servlet.DispatcherServlet - Initializing Servlet 'dispatcherServlet'
17:56:57.171 [http-nio-8080-exec-8] INFO  o.s.web.servlet.DispatcherServlet - Completed initialization in 3 ms
17:56:57.943 [http-nio-8080-exec-8] INFO  o.s.s.impl.UrlShortenerServiceImpl - shorten url : http://localhost:8080/1957d8
17:57:23.377 [main] INFO  o.s.s.i.UrlShortenerServiceImplTest - Starting UrlShortenerServiceImplTest using Java 1.8.0_312 on DEV-5CG0107T2K with PID 28416 (started by d0106929 in C:\Codesparks\test-projects\url-shortner)
17:57:23.380 [main] INFO  o.s.s.i.UrlShortenerServiceImplTest - The following 1 profile is active: "dev"
17:57:23.419 [background-preinit] INFO  o.h.validator.internal.util.Version - HV000001: Hibernate Validator 6.2.5.Final
17:57:31.516 [main] INFO  o.s.s.i.UrlShortenerServiceImplTest - Started UrlShortenerServiceImplTest in 11.309 seconds (JVM running for 17.656)
17:57:34.688 [main] INFO  o.s.s.impl.UrlShortenerServiceImpl - shorten url : http://localhost:80801957d8
17:57:34.756 [main] INFO  o.s.s.impl.UrlShortenerServiceImpl - shorten url : http://localhost:8080/1957d8
17:57:34.760 [main] INFO  o.s.s.impl.UrlShortenerServiceImpl - long url : https://www.example.com/blog/i-did-something-cool
17:58:27.627 [http-nio-8080-exec-9] INFO  o.s.s.impl.UrlShortenerServiceImpl - long url : https://www.example.com/blog/i-did-something-cool
17:58:29.022 [main] INFO  o.s.s.i.UrlShortenerServiceImplTest - Starting UrlShortenerServiceImplTest using Java 1.8.0_312 on DEV-5CG0107T2K with PID 31792 (started by d0106929 in C:\Codesparks\test-projects\url-shortner)
17:58:29.029 [main] INFO  o.s.s.i.UrlShortenerServiceImplTest - The following 1 profile is active: "dev"
17:58:29.094 [background-preinit] INFO  o.h.validator.internal.util.Version - HV000001: Hibernate Validator 6.2.5.Final
17:58:34.679 [http-nio-8080-exec-6] ERROR o.a.c.c.C.[.[.[.[dispatcherServlet] - Servlet.service() for servlet [dispatcherServlet] in context with path [] threw exception [Request processing failed; nested exception is java.lang.IllegalArgumentException: Short URL not found.] with root cause
java.lang.IllegalArgumentException: Short URL not found.
	at org.shortner.service.impl.UrlShortenerServiceImpl.expandUrl(UrlShortenerServiceImpl.java:49)
	at org.shortner.resource.UrlShortenerController.expandUrl(UrlShortenerController.java:57)
	at sun.reflect.NativeMethodAccessorImpl.invoke0(Native Method)
	at sun.reflect.NativeMethodAccessorImpl.invoke(NativeMethodAccessorImpl.java:62)
	at sun.reflect.DelegatingMethodAccessorImpl.invoke(DelegatingMethodAccessorImpl.java:43)
	at java.lang.reflect.Method.invoke(Method.java:498)
	at org.springframework.web.method.support.InvocableHandlerMethod.doInvoke(InvocableHandlerMethod.java:205)
	at org.springframework.web.method.support.InvocableHandlerMethod.invokeForRequest(InvocableHandlerMethod.java:150)
	at org.springframework.web.servlet.mvc.method.annotation.ServletInvocableHandlerMethod.invokeAndHandle(ServletInvocableHandlerMethod.java:117)
	at org.springframework.web.servlet.mvc.method.annotation.RequestMappingHandlerAdapter.invokeHandlerMethod(RequestMappingHandlerAdapter.java:895)
	at org.springframework.web.servlet.mvc.method.annotation.RequestMappingHandlerAdapter.handleInternal(RequestMappingHandlerAdapter.java:808)
	at org.springframework.web.servlet.mvc.method.AbstractHandlerMethodAdapter.handle(AbstractHandlerMethodAdapter.java:87)
	at org.springframework.web.servlet.DispatcherServlet.doDispatch(DispatcherServlet.java:1071)
	at org.springframework.web.servlet.DispatcherServlet.doService(DispatcherServlet.java:964)
	at org.springframework.web.servlet.FrameworkServlet.processRequest(FrameworkServlet.java:1006)
	at org.springframework.web.servlet.FrameworkServlet.doPost(FrameworkServlet.java:909)
	at javax.servlet.http.HttpServlet.service(HttpServlet.java:696)
	at org.springframework.web.servlet.FrameworkServlet.service(FrameworkServlet.java:883)
	at javax.servlet.http.HttpServlet.service(HttpServlet.java:779)
	at org.apache.catalina.core.ApplicationFilterChain.internalDoFilter(ApplicationFilterChain.java:227)
	at org.apache.catalina.core.ApplicationFilterChain.doFilter(ApplicationFilterChain.java:162)
	at org.apache.tomcat.websocket.server.WsFilter.doFilter(WsFilter.java:53)
	at org.apache.catalina.core.ApplicationFilterChain.internalDoFilter(ApplicationFilterChain.java:189)
	at org.apache.catalina.core.ApplicationFilterChain.doFilter(ApplicationFilterChain.java:162)
	at org.springframework.web.filter.RequestContextFilter.doFilterInternal(RequestContextFilter.java:100)
	at org.springframework.web.filter.OncePerRequestFilter.doFilter(OncePerRequestFilter.java:117)
	at org.apache.catalina.core.ApplicationFilterChain.internalDoFilter(ApplicationFilterChain.java:189)
	at org.apache.catalina.core.ApplicationFilterChain.doFilter(ApplicationFilterChain.java:162)
	at org.springframework.web.filter.FormContentFilter.doFilterInternal(FormContentFilter.java:93)
	at org.springframework.web.filter.OncePerRequestFilter.doFilter(OncePerRequestFilter.java:117)
	at org.apache.catalina.core.ApplicationFilterChain.internalDoFilter(ApplicationFilterChain.java:189)
	at org.apache.catalina.core.ApplicationFilterChain.doFilter(ApplicationFilterChain.java:162)
	at org.springframework.web.filter.CharacterEncodingFilter.doFilterInternal(CharacterEncodingFilter.java:201)
	at org.springframework.web.filter.OncePerRequestFilter.doFilter(OncePerRequestFilter.java:117)
	at org.apache.catalina.core.ApplicationFilterChain.internalDoFilter(ApplicationFilterChain.java:189)
	at org.apache.catalina.core.ApplicationFilterChain.doFilter(ApplicationFilterChain.java:162)
	at org.apache.catalina.core.StandardWrapperValve.invoke(StandardWrapperValve.java:197)
	at org.apache.catalina.core.StandardContextValve.invoke(StandardContextValve.java:97)
	at org.apache.catalina.authenticator.AuthenticatorBase.invoke(AuthenticatorBase.java:541)
	at org.apache.catalina.core.StandardHostValve.invoke(StandardHostValve.java:135)
	at org.apache.catalina.valves.ErrorReportValve.invoke(ErrorReportValve.java:92)
	at org.apache.catalina.core.StandardEngineValve.invoke(StandardEngineValve.java:78)
	at org.apache.catalina.connector.CoyoteAdapter.service(CoyoteAdapter.java:360)
	at org.apache.coyote.http11.Http11Processor.service(Http11Processor.java:399)
	at org.apache.coyote.AbstractProcessorLight.process(AbstractProcessorLight.java:65)
	at org.apache.coyote.AbstractProtocol$ConnectionHandler.process(AbstractProtocol.java:893)
	at org.apache.tomcat.util.net.NioEndpoint$SocketProcessor.doRun(NioEndpoint.java:1789)
	at org.apache.tomcat.util.net.SocketProcessorBase.run(SocketProcessorBase.java:49)
	at org.apache.tomcat.util.threads.ThreadPoolExecutor.runWorker(ThreadPoolExecutor.java:1191)
	at org.apache.tomcat.util.threads.ThreadPoolExecutor$Worker.run(ThreadPoolExecutor.java:659)
	at org.apache.tomcat.util.threads.TaskThread$WrappingRunnable.run(TaskThread.java:61)
	at java.lang.Thread.run(Thread.java:748)
17:58:38.854 [main] INFO  o.s.s.i.UrlShortenerServiceImplTest - Started UrlShortenerServiceImplTest in 12.404 seconds (JVM running for 21.988)
17:58:41.534 [http-nio-8080-exec-2] INFO  o.s.s.impl.UrlShortenerServiceImpl - long url : https://www.example.com/blog/i-did-something-cool
18:00:10.094 [main] INFO  o.s.s.i.UrlShortenerServiceImplTest - Starting UrlShortenerServiceImplTest using Java 1.8.0_312 on DEV-5CG0107T2K with PID 29080 (started by d0106929 in C:\Codesparks\test-projects\url-shortner)
18:00:10.099 [main] INFO  o.s.s.i.UrlShortenerServiceImplTest - The following 1 profile is active: "dev"
18:00:10.296 [background-preinit] INFO  o.h.validator.internal.util.Version - HV000001: Hibernate Validator 6.2.5.Final
18:00:19.460 [main] INFO  o.s.s.i.UrlShortenerServiceImplTest - Started UrlShortenerServiceImplTest in 13.802 seconds (JVM running for 20.368)
18:00:22.329 [main] INFO  o.s.s.impl.UrlShortenerServiceImpl - shorten url : http://localhost:80801957d8
18:00:22.403 [main] INFO  o.s.s.impl.UrlShortenerServiceImpl - shorten url : http://localhost:8080/1957d8
18:00:22.408 [main] INFO  o.s.s.impl.UrlShortenerServiceImpl - long url : https://www.example.com/blog/i-did-something-cool
18:00:57.193 [http-nio-8080-exec-8] INFO  o.s.s.impl.UrlShortenerServiceImpl - shorten url : http://localhost:8080/b0d8c3
18:01:08.005 [http-nio-8080-exec-7] INFO  o.s.s.impl.UrlShortenerServiceImpl - long url : https://www.example.com/blog/i-did-something-cool1
18:01:17.122 [http-nio-8080-exec-4] ERROR o.a.c.c.C.[.[.[.[dispatcherServlet] - Servlet.service() for servlet [dispatcherServlet] in context with path [] threw exception [Request processing failed; nested exception is java.lang.IllegalArgumentException: Short URL not found.] with root cause
java.lang.IllegalArgumentException: Short URL not found.
	at org.shortner.service.impl.UrlShortenerServiceImpl.expandUrl(UrlShortenerServiceImpl.java:49)
	at org.shortner.resource.UrlShortenerController.expandUrl(UrlShortenerController.java:57)
	at sun.reflect.NativeMethodAccessorImpl.invoke0(Native Method)
	at sun.reflect.NativeMethodAccessorImpl.invoke(NativeMethodAccessorImpl.java:62)
	at sun.reflect.DelegatingMethodAccessorImpl.invoke(DelegatingMethodAccessorImpl.java:43)
	at java.lang.reflect.Method.invoke(Method.java:498)
	at org.springframework.web.method.support.InvocableHandlerMethod.doInvoke(InvocableHandlerMethod.java:205)
	at org.springframework.web.method.support.InvocableHandlerMethod.invokeForRequest(InvocableHandlerMethod.java:150)
	at org.springframework.web.servlet.mvc.method.annotation.ServletInvocableHandlerMethod.invokeAndHandle(ServletInvocableHandlerMethod.java:117)
	at org.springframework.web.servlet.mvc.method.annotation.RequestMappingHandlerAdapter.invokeHandlerMethod(RequestMappingHandlerAdapter.java:895)
	at org.springframework.web.servlet.mvc.method.annotation.RequestMappingHandlerAdapter.handleInternal(RequestMappingHandlerAdapter.java:808)
	at org.springframework.web.servlet.mvc.method.AbstractHandlerMethodAdapter.handle(AbstractHandlerMethodAdapter.java:87)
	at org.springframework.web.servlet.DispatcherServlet.doDispatch(DispatcherServlet.java:1071)
	at org.springframework.web.servlet.DispatcherServlet.doService(DispatcherServlet.java:964)
	at org.springframework.web.servlet.FrameworkServlet.processRequest(FrameworkServlet.java:1006)
	at org.springframework.web.servlet.FrameworkServlet.doPost(FrameworkServlet.java:909)
	at javax.servlet.http.HttpServlet.service(HttpServlet.java:696)
	at org.springframework.web.servlet.FrameworkServlet.service(FrameworkServlet.java:883)
	at javax.servlet.http.HttpServlet.service(HttpServlet.java:779)
	at org.apache.catalina.core.ApplicationFilterChain.internalDoFilter(ApplicationFilterChain.java:227)
	at org.apache.catalina.core.ApplicationFilterChain.doFilter(ApplicationFilterChain.java:162)
	at org.apache.tomcat.websocket.server.WsFilter.doFilter(WsFilter.java:53)
	at org.apache.catalina.core.ApplicationFilterChain.internalDoFilter(ApplicationFilterChain.java:189)
	at org.apache.catalina.core.ApplicationFilterChain.doFilter(ApplicationFilterChain.java:162)
	at org.springframework.web.filter.RequestContextFilter.doFilterInternal(RequestContextFilter.java:100)
	at org.springframework.web.filter.OncePerRequestFilter.doFilter(OncePerRequestFilter.java:117)
	at org.apache.catalina.core.ApplicationFilterChain.internalDoFilter(ApplicationFilterChain.java:189)
	at org.apache.catalina.core.ApplicationFilterChain.doFilter(ApplicationFilterChain.java:162)
	at org.springframework.web.filter.FormContentFilter.doFilterInternal(FormContentFilter.java:93)
	at org.springframework.web.filter.OncePerRequestFilter.doFilter(OncePerRequestFilter.java:117)
	at org.apache.catalina.core.ApplicationFilterChain.internalDoFilter(ApplicationFilterChain.java:189)
	at org.apache.catalina.core.ApplicationFilterChain.doFilter(ApplicationFilterChain.java:162)
	at org.springframework.web.filter.CharacterEncodingFilter.doFilterInternal(CharacterEncodingFilter.java:201)
	at org.springframework.web.filter.OncePerRequestFilter.doFilter(OncePerRequestFilter.java:117)
	at org.apache.catalina.core.ApplicationFilterChain.internalDoFilter(ApplicationFilterChain.java:189)
	at org.apache.catalina.core.ApplicationFilterChain.doFilter(ApplicationFilterChain.java:162)
	at org.apache.catalina.core.StandardWrapperValve.invoke(StandardWrapperValve.java:197)
	at org.apache.catalina.core.StandardContextValve.invoke(StandardContextValve.java:97)
	at org.apache.catalina.authenticator.AuthenticatorBase.invoke(AuthenticatorBase.java:541)
	at org.apache.catalina.core.StandardHostValve.invoke(StandardHostValve.java:135)
	at org.apache.catalina.valves.ErrorReportValve.invoke(ErrorReportValve.java:92)
	at org.apache.catalina.core.StandardEngineValve.invoke(StandardEngineValve.java:78)
	at org.apache.catalina.connector.CoyoteAdapter.service(CoyoteAdapter.java:360)
	at org.apache.coyote.http11.Http11Processor.service(Http11Processor.java:399)
	at org.apache.coyote.AbstractProcessorLight.process(AbstractProcessorLight.java:65)
	at org.apache.coyote.AbstractProtocol$ConnectionHandler.process(AbstractProtocol.java:893)
	at org.apache.tomcat.util.net.NioEndpoint$SocketProcessor.doRun(NioEndpoint.java:1789)
	at org.apache.tomcat.util.net.SocketProcessorBase.run(SocketProcessorBase.java:49)
	at org.apache.tomcat.util.threads.ThreadPoolExecutor.runWorker(ThreadPoolExecutor.java:1191)
	at org.apache.tomcat.util.threads.ThreadPoolExecutor$Worker.run(ThreadPoolExecutor.java:659)
	at org.apache.tomcat.util.threads.TaskThread$WrappingRunnable.run(TaskThread.java:61)
	at java.lang.Thread.run(Thread.java:748)
18:01:22.257 [http-nio-8080-exec-6] INFO  o.s.s.impl.UrlShortenerServiceImpl - long url : https://www.example.com/blog/i-did-something-cool1
10:32:24.210 [http-nio-8080-exec-8] INFO  o.s.s.impl.UrlShortenerServiceImpl - long url : https://www.example.com/blog/i-did-something-cool
